<?xml version="1.0" encoding="UTF-8"?>
<!-- Generated by org.testng.reporters.JUnitReportReporter -->
<testsuite hostname="DESKTOP-O1BF349" failures="0" tests="1" name="a1_sampletest.BingTest" time="15.448" errors="0" timestamp="14 Sep 2022 05:57:47 GMT" skipped="0">
  <testcase classname="a1_sampletest.BingTest" name="validring" time="15.448"/>
</testsuite> <!-- a1_sampletest.BingTest -->
